[2026-03-27 00:34:32] [AuthMiddleware] 401 - ć— access_token | {"path":"\/api\/system\/dept\/list","method":"GET","auth_header":null,"cookie_access_token":"missing"}
[2026-03-27 00:34:32] [AuthMiddleware] 401 - ć— access_token | {"path":"\/api\/system\/dept\/list","method":"GET","auth_header":null,"cookie_access_token":"missing"}
[2026-03-27 00:35:02] [AuthMiddleware] 401 - ć— access_token | {"path":"\/api\/system\/dept\/list","method":"GET","auth_header":null,"cookie_access_token":"missing"}
[2026-03-27 00:35:02] [AuthMiddleware] 401 - ć— access_token | {"path":"\/api\/system\/dept\/list","method":"GET","auth_header":null,"cookie_access_token":"missing"}
[2026-03-27 00:35:03] [AuthMiddleware] 401 - ć— access_token | {"path":"\/api\/system\/dept\/list","method":"GET","auth_header":null,"cookie_access_token":"missing"}
[2026-03-27 00:35:17] [AuthMiddleware] 401 - ć— access_token | {"path":"\/api\/core\/server\/monitor","method":"GET","auth_header":null,"cookie_access_token":"missing"}
[2026-03-27 00:35:50] [AuthMiddleware] 401 - ć— access_token | {"path":"\/api\/core\/server\/monitor","method":"GET","auth_header":null,"cookie_access_token":"missing"}
[2026-03-27 00:37:29] [AuthMiddleware] 401 - ć— access_token | {"path":"\/api\/core\/server\/monitor","method":"GET","auth_header":null,"cookie_access_token":"missing"}
[2026-03-27 03:06:10] [AuthMiddleware] 401 - parseForAccess ĺĽ‚ĺ¸¸ | {"path":"\/api\/system\/user\/list","error":"Illuminate\\Database\\Eloquent\\RelationNotFoundException: Call to undefined relationship [depts] on model [App\\Models\\SysRole].","token_prefix":"eyJ0eXAiOiJKV1QiLCJhbGciOiJIUz...","file":"C:\\Users\\Administrator\\Desktop\\project-root\\NovaPHP0.0.9\\project\\vendor\\illuminate\\database\\Eloquent\\RelationNotFoundException.php:35"}
[2026-03-27 03:06:10] [AuthMiddleware] 401 - parseForAccess ĺĽ‚ĺ¸¸ | {"path":"\/api\/system\/dept\/access-dept","error":"Illuminate\\Database\\Eloquent\\RelationNotFoundException: Call to undefined relationship [depts] on model [App\\Models\\SysRole].","token_prefix":"eyJ0eXAiOiJKV1QiLCJhbGciOiJIUz...","file":"C:\\Users\\Administrator\\Desktop\\project-root\\NovaPHP0.0.9\\project\\vendor\\illuminate\\database\\Eloquent\\RelationNotFoundException.php:35"}
[2026-03-27 03:06:55] [AuthMiddleware] 401 - parseForAccess ĺĽ‚ĺ¸¸ | {"path":"\/api\/core\/system\/clearAllCache","error":"Illuminate\\Database\\Eloquent\\RelationNotFoundException: Call to undefined relationship [depts] on model [App\\Models\\SysRole].","token_prefix":"eyJ0eXAiOiJKV1QiLCJhbGciOiJIUz...","file":"C:\\Users\\Administrator\\Desktop\\project-root\\NovaPHP0.0.9\\project\\vendor\\illuminate\\database\\Eloquent\\RelationNotFoundException.php:35"}
[2026-03-27 03:07:59] [AuthMiddleware] 401 - parseForAccess ĺĽ‚ĺ¸¸ | {"path":"\/api\/core\/logs\/getLoginLogPageList","error":"Illuminate\\Database\\Eloquent\\RelationNotFoundException: Call to undefined relationship [depts] on model [App\\Models\\SysRole].","token_prefix":"eyJ0eXAiOiJKV1QiLCJhbGciOiJIUz...","file":"C:\\Users\\Administrator\\Desktop\\project-root\\NovaPHP0.0.9\\project\\vendor\\illuminate\\database\\Eloquent\\RelationNotFoundException.php:35"}
[2026-03-27 03:08:12] [AuthMiddleware] 401 - parseForAccess ĺĽ‚ĺ¸¸ | {"path":"\/api\/core\/logs\/getLoginLogPageList","error":"Illuminate\\Database\\Eloquent\\RelationNotFoundException: Call to undefined relationship [depts] on model [App\\Models\\SysRole].","token_prefix":"eyJ0eXAiOiJKV1QiLCJhbGciOiJIUz...","file":"C:\\Users\\Administrator\\Desktop\\project-root\\NovaPHP0.0.9\\project\\vendor\\illuminate\\database\\Eloquent\\RelationNotFoundException.php:35"}
[2026-03-27 03:09:31] [AuthMiddleware] 401 - parseForAccess ĺĽ‚ĺ¸¸ | {"path":"\/api\/core\/logs\/getLoginLogPageList","error":"Illuminate\\Database\\Eloquent\\RelationNotFoundException: Call to undefined relationship [depts] on model [App\\Models\\SysRole].","token_prefix":"eyJ0eXAiOiJKV1QiLCJhbGciOiJIUz...","file":"C:\\Users\\Administrator\\Desktop\\project-root\\NovaPHP0.0.9\\project\\vendor\\illuminate\\database\\Eloquent\\RelationNotFoundException.php:35"}
[2026-03-27 03:09:32] [AuthMiddleware] 401 - parseForAccess ĺĽ‚ĺ¸¸ | {"path":"\/api\/core\/logs\/getLoginLogPageList","error":"Illuminate\\Database\\Eloquent\\RelationNotFoundException: Call to undefined relationship [depts] on model [App\\Models\\SysRole].","token_prefix":"eyJ0eXAiOiJKV1QiLCJhbGciOiJIUz...","file":"C:\\Users\\Administrator\\Desktop\\project-root\\NovaPHP0.0.9\\project\\vendor\\illuminate\\database\\Eloquent\\RelationNotFoundException.php:35"}
[2026-03-27 03:10:13] [AuthMiddleware] 401 - parseForAccess ĺĽ‚ĺ¸¸ | {"path":"\/api\/core\/logs\/getLoginLogPageList","error":"Illuminate\\Database\\Eloquent\\RelationNotFoundException: Call to undefined relationship [depts] on model [App\\Models\\SysRole].","token_prefix":"eyJ0eXAiOiJKV1QiLCJhbGciOiJIUz...","file":"C:\\Users\\Administrator\\Desktop\\project-root\\NovaPHP0.0.9\\project\\vendor\\illuminate\\database\\Eloquent\\RelationNotFoundException.php:35"}
[2026-03-27 03:24:40] [AuthMiddleware] 401 - parseForAccess ĺĽ‚ĺ¸¸ | {"path":"\/api\/core\/logs\/getLoginLogPageList","error":"Illuminate\\Database\\Eloquent\\RelationNotFoundException: Call to undefined relationship [depts] on model [App\\Models\\SysRole].","token_prefix":"eyJ0eXAiOiJKV1QiLCJhbGciOiJIUz...","file":"C:\\Users\\Administrator\\Desktop\\project-root\\NovaPHP0.0.9\\project\\vendor\\illuminate\\database\\Eloquent\\RelationNotFoundException.php:35"}
[2026-03-27 03:24:42] [AuthMiddleware] 401 - parseForAccess ĺĽ‚ĺ¸¸ | {"path":"\/api\/core\/logs\/getLoginLogPageList","error":"Illuminate\\Database\\Eloquent\\RelationNotFoundException: Call to undefined relationship [depts] on model [App\\Models\\SysRole].","token_prefix":"eyJ0eXAiOiJKV1QiLCJhbGciOiJIUz...","file":"C:\\Users\\Administrator\\Desktop\\project-root\\NovaPHP0.0.9\\project\\vendor\\illuminate\\database\\Eloquent\\RelationNotFoundException.php:35"}
[2026-03-27 21:35:18] [AuthMiddleware] 401 - parseForAccess ĺĽ‚ĺ¸¸ | {"path":"\/api\/system\/user\/delete\/[object%20Object]","error":"RuntimeException: Token expired.","token_prefix":"eyJ0eXAiOiJKV1QiLCJhbGciOiJIUz...","file":"C:\\Users\\Administrator\\Desktop\\project-root\\NovaPHP0.0.9\\project\\framework\\Utils\\JwtFactory.php:144"}
[2026-03-27 22:42:36] [AuthMiddleware] 401 - parseForAccess ĺĽ‚ĺ¸¸ | {"path":"\/api\/system\/user\/set-home-page\/118","error":"RuntimeException: Token expired.","token_prefix":"eyJ0eXAiOiJKV1QiLCJhbGciOiJIUz...","file":"C:\\Users\\Administrator\\Desktop\\project-root\\NovaPHP0.0.9\\project\\framework\\Utils\\JwtFactory.php:144"}
[2026-03-28 16:47:39] [AuthMiddleware] 401 - parseForAccess ĺĽ‚ĺ¸¸ | {"path":"\/api\/core\/system\/user","error":"RuntimeException: Token expired.","token_prefix":"eyJ0eXAiOiJKV1QiLCJhbGciOiJIUz...","file":"C:\\Users\\Administrator\\Desktop\\project-root\\NovaPHP0.0.9\\project\\framework\\Utils\\JwtFactory.php:144"}
[2026-03-28 19:11:53] [AuthMiddleware] 401 - ć— access_token | {"path":"\/api\/system\/role\/menu-by-role\/2","method":"GET","auth_header":null,"cookie_access_token":"missing"}
[2026-03-28 19:11:56] [AuthMiddleware] 401 - ć— access_token | {"path":"\/api\/system\/role\/menu-by-role\/2","method":"GET","auth_header":null,"cookie_access_token":"missing"}
[2026-03-28 19:41:01] [AuthMiddleware] 401 - parseForAccess ĺĽ‚ĺ¸¸ | {"path":"\/api\/system\/menu\/list","error":"RuntimeException: Token expired.","token_prefix":"eyJ0eXAiOiJKV1QiLCJhbGciOiJIUz...","file":"C:\\Users\\Administrator\\Desktop\\project-root\\NovaPHP0.0.9\\project\\framework\\Utils\\JwtFactory.php:144"}
[2026-03-28 20:41:15] [AuthMiddleware] 401 - parseForAccess ĺĽ‚ĺ¸¸ | {"path":"\/api\/core\/logs\/deleteOperLog","error":"RuntimeException: Token expired.","token_prefix":"eyJ0eXAiOiJKV1QiLCJhbGciOiJIUz...","file":"C:\\Users\\Administrator\\Desktop\\project-root\\NovaPHP0.0.9\\project\\framework\\Utils\\JwtFactory.php:144"}
[2026-03-28 22:02:27] [AuthMiddleware] 401 - parseForAccess ĺĽ‚ĺ¸¸ | {"path":"\/api\/system\/user\/list","error":"RuntimeException: Token expired.","token_prefix":"eyJ0eXAiOiJKV1QiLCJhbGciOiJIUz...","file":"C:\\Users\\Administrator\\Desktop\\project-root\\NovaPHP0.0.9\\project\\framework\\Utils\\JwtFactory.php:144"}
[2026-03-28 22:02:27] [AuthMiddleware] 401 - parseForAccess ĺĽ‚ĺ¸¸ | {"path":"\/api\/system\/dept\/access-dept","error":"RuntimeException: Token expired.","token_prefix":"eyJ0eXAiOiJKV1QiLCJhbGciOiJIUz...","file":"C:\\Users\\Administrator\\Desktop\\project-root\\NovaPHP0.0.9\\project\\framework\\Utils\\JwtFactory.php:144"}
[2026-03-28 23:03:04] [AuthMiddleware] 401 - parseForAccess ĺĽ‚ĺ¸¸ | {"path":"\/api\/tool\/crontab\/list","error":"RuntimeException: Token expired.","token_prefix":"eyJ0eXAiOiJKV1QiLCJhbGciOiJIUz...","file":"C:\\Users\\Administrator\\Desktop\\project-root\\NovaPHP0.0.9\\project\\framework\\Utils\\JwtFactory.php:144"}
[2026-03-28 23:27:17] [AuthMiddleware] 401 - ć— access_token | {"path":"\/api\/core\/system\/getOperationLogList","method":"GET","auth_header":null,"cookie_access_token":"missing"}
[2026-03-28 23:27:17] [AuthMiddleware] 401 - ć— access_token | {"path":"\/api\/core\/system\/getOperationLogList","method":"GET","auth_header":null,"cookie_access_token":"missing"}
[2026-03-29 12:13:01] [AuthMiddleware] 401 - parseForAccess ĺĽ‚ĺ¸¸ | {"path":"\/api\/core\/system\/user","error":"RuntimeException: Token expired.","token_prefix":"eyJ0eXAiOiJKV1QiLCJhbGciOiJIUz...","file":"C:\\Users\\Administrator\\Desktop\\project-root\\NovaPHP0.0.9\\project\\framework\\Utils\\JwtFactory.php:144"}
[2026-03-29 14:21:46] [AuthMiddleware] 401 - parseForAccess ĺĽ‚ĺ¸¸ | {"path":"\/api\/core\/system\/user","error":"RuntimeException: Token expired.","token_prefix":"eyJ0eXAiOiJKV1QiLCJhbGciOiJIUz...","file":"C:\\Users\\Administrator\\Desktop\\project-root\\NovaPHP0.0.9\\project\\framework\\Utils\\JwtFactory.php:144"}
[2026-03-29 17:58:16] [AuthMiddleware] 401 - parseForAccess ĺĽ‚ĺ¸¸ | {"path":"\/api\/core\/system\/user","error":"RuntimeException: Token expired.","token_prefix":"eyJ0eXAiOiJKV1QiLCJhbGciOiJIUz...","file":"C:\\Users\\Administrator\\Desktop\\project-root\\NovaPHP0.0.9\\project\\framework\\Utils\\JwtFactory.php:144"}
[2026-03-29 17:59:05] [AuthMiddleware] 401 - parseForAccess ĺĽ‚ĺ¸¸ | {"path":"\/api\/core\/system\/user","error":"RuntimeException: Token expired.","token_prefix":"eyJ0eXAiOiJKV1QiLCJhbGciOiJIUz...","file":"C:\\Users\\Administrator\\Desktop\\project-root\\NovaPHP0.0.9\\project\\framework\\Utils\\JwtFactory.php:144"}
[2026-03-29 18:45:35] [AuthMiddleware] 401 - ć— access_token | {"path":"\/post\/list","method":"GET","auth_header":null,"cookie_access_token":"missing"}
[2026-03-29 18:45:36] [AuthMiddleware] 401 - ć— access_token | {"path":"\/post\/list","method":"GET","auth_header":null,"cookie_access_token":"missing"}
[2026-03-29 18:47:55] [AuthMiddleware] 401 - ć— access_token | {"path":"\/post\/list","method":"GET","auth_header":null,"cookie_access_token":"missing"}
[2026-03-29 18:48:03] [AuthMiddleware] 401 - ć— access_token | {"path":"\/post\/list","method":"GET","auth_header":null,"cookie_access_token":"missing"}
[2026-03-29 18:48:04] [AuthMiddleware] 401 - ć— access_token | {"path":"\/post\/list","method":"GET","auth_header":null,"cookie_access_token":"missing"}
[2026-03-29 19:32:54] [AuthMiddleware] 401 - parseForAccess ĺĽ‚ĺ¸¸ | {"path":"\/api\/core\/system\/user","error":"RuntimeException: Token expired.","token_prefix":"eyJ0eXAiOiJKV1QiLCJhbGciOiJIUz...","file":"C:\\Users\\Administrator\\Desktop\\project-root\\NovaPHP0.0.9\\project\\framework\\Utils\\JwtFactory.php:144"}
[2026-03-29 19:32:59] [AuthMiddleware] 401 - ć— access_token | {"path":"\/post\/list","method":"GET","auth_header":null,"cookie_access_token":"missing"}
[2026-03-29 19:32:59] [AuthMiddleware] 401 - ć— access_token | {"path":"\/post\/list","method":"GET","auth_header":null,"cookie_access_token":"missing"}
[2026-03-29 19:50:25] [AuthMiddleware] 401 - parseForAccess ĺĽ‚ĺ¸¸ | {"path":"\/api\/core\/system\/user","error":"RuntimeException: Token expired.","token_prefix":"eyJ0eXAiOiJKV1QiLCJhbGciOiJIUz...","file":"C:\\Users\\Administrator\\Desktop\\project-root\\NovaPHP0.0.9\\project\\framework\\Utils\\JwtFactory.php:144"}
[2026-03-31 19:11:57] [AuthMiddleware] 401 - parseForAccess ĺĽ‚ĺ¸¸ | {"path":"\/api\/core\/system\/user","error":"RuntimeException: Token expired.","token_prefix":"eyJ0eXAiOiJKV1QiLCJhbGciOiJIUz...","file":"C:\\Users\\Administrator\\Desktop\\project-root\\NovaPHP0.0.9\\project\\framework\\Utils\\JwtFactory.php:144"}
[2026-04-06 21:20:29] [AuthMiddleware] 401 - parseForAccess ĺĽ‚ĺ¸¸ | {"path":"\/api\/core\/system\/user","error":"RuntimeException: Token expired.","token_prefix":"eyJ0eXAiOiJKV1QiLCJhbGciOiJIUz...","file":"C:\\Users\\Administrator\\Desktop\\project-root\\NovaPHP0.0.9\\project\\framework\\Utils\\JwtFactory.php:144"}
[2026-04-19 00:27:19] [AuthMiddleware] 403 - č§’č‰˛ä¸ŤĺŚąé…Ť | {"path":"\/api\/system\/dept\/create","user_role":"user","required_roles":["admin","super_admin"]}
[2026-04-19 00:27:21] [AuthMiddleware] 403 - č§’č‰˛ä¸ŤĺŚąé…Ť | {"path":"\/api\/system\/dept\/create","user_role":"user","required_roles":["admin","super_admin"]}
[2026-04-19 00:27:26] [AuthMiddleware] 403 - č§’č‰˛ä¸ŤĺŚąé…Ť | {"path":"\/api\/system\/dept\/create","user_role":"user","required_roles":["admin","super_admin"]}
[2026-04-19 00:29:15] [AuthMiddleware] 403 - č§’č‰˛ä¸ŤĺŚąé…Ť | {"path":"\/api\/system\/dept\/create","user_role":"user","required_roles":["admin","super_admin"]}
[2026-04-19 00:30:27] [AuthMiddleware] 403 - č§’č‰˛ä¸ŤĺŚąé…Ť | {"path":"\/api\/system\/dept\/delete\/129","user_role":"user","required_roles":["admin","super_admin"]}
[2026-04-19 22:32:06] [AuthMiddleware] 403 - č§’č‰˛ä¸ŤĺŚąé…Ť | {"path":"\/api\/system\/tenant\/users\/1","user_role":"user","required_roles":["admin","super_admin"]}
[2026-04-19 22:32:08] [AuthMiddleware] 403 - č§’č‰˛ä¸ŤĺŚąé…Ť | {"path":"\/api\/system\/tenant\/users\/2","user_role":"user","required_roles":["admin","super_admin"]}
[2026-04-20 23:09:19] [AuthMiddleware] 401 - ć— access_token | {"path":"\/api\/core\/configGroup\/list","method":"GET","auth_header":null,"cookie_access_token":"missing"}
[2026-04-20 23:09:19] [AuthMiddleware] 401 - ć— access_token | {"path":"\/api\/core\/config\/save","method":"POST","auth_header":null,"cookie_access_token":"missing"}
[2026-04-20 23:09:19] [AuthMiddleware] 401 - ć— access_token | {"path":"\/api\/core\/logs\/getLoginLogPageList","method":"GET","auth_header":null,"cookie_access_token":"missing"}
[2026-04-20 23:09:19] [AuthMiddleware] 401 - ć— access_token | {"path":"\/api\/core\/logs\/getOperLogPageList","method":"GET","auth_header":null,"cookie_access_token":"missing"}
[2026-04-20 23:09:20] [AuthMiddleware] 401 - ć— access_token | {"path":"\/api\/core\/server\/monitor","method":"GET","auth_header":null,"cookie_access_token":"missing"}
[2026-04-20 23:09:20] [AuthMiddleware] 401 - ć— access_token | {"path":"\/api\/core\/database\/table\/list","method":"GET","auth_header":null,"cookie_access_token":"missing"}
[2026-04-20 23:09:20] [AuthMiddleware] 401 - ć— access_token | {"path":"\/api\/tool\/crontab\/list","method":"GET","auth_header":null,"cookie_access_token":"missing"}
[2026-04-21 00:01:15] [AuthMiddleware] 401 - parseForAccess ĺĽ‚ĺ¸¸ | {"path":"\/api\/core\/server\/redis\/browser\/level2","error":"RuntimeException: Token not active.","token_prefix":"eyJ0eXAiOiJKV1QiLCJhbGciOiJIUz...","file":"C:\\Users\\Administrator\\Desktop\\project-root\\NovaPHP0.0.9\\project\\framework\\Utils\\JwtFactory.php:150"}
[2026-04-21 00:34:43] [AuthMiddleware] 403 - č§’č‰˛ä¸ŤĺŚąé…Ť | {"path":"\/api\/core\/logs\/deleteLoginLog","user_role":"user","required_roles":["admin","super_admin"]}
[2026-04-21 00:34:49] [AuthMiddleware] 403 - č§’č‰˛ä¸ŤĺŚąé…Ť | {"path":"\/api\/core\/logs\/deleteLoginLog","user_role":"user","required_roles":["admin","super_admin"]}
[2026-04-21 00:35:32] [AuthMiddleware] 403 - č§’č‰˛ä¸ŤĺŚąé…Ť | {"path":"\/api\/core\/logs\/deleteLoginLog","user_role":"user","required_roles":["admin","super_admin"]}
[2026-04-21 00:36:35] [AuthMiddleware] 403 - č§’č‰˛ä¸ŤĺŚąé…Ť | {"path":"\/api\/core\/logs\/deleteLoginLog","user_role":"user","required_roles":["admin","super_admin"]}
[2026-04-21 00:36:40] [AuthMiddleware] 403 - č§’č‰˛ä¸ŤĺŚąé…Ť | {"path":"\/api\/core\/logs\/deleteOperLog","user_role":"user","required_roles":["admin","super_admin"]}
[2026-04-21 00:36:52] [AuthMiddleware] 403 - č§’č‰˛ä¸ŤĺŚąé…Ť | {"path":"\/api\/system\/dept\/create","user_role":"user","required_roles":["admin","super_admin"]}
[2026-04-21 00:37:33] [AuthMiddleware] 403 - č§’č‰˛ä¸ŤĺŚąé…Ť | {"path":"\/api\/core\/server\/redis\/browser\/delete","user_role":"user","required_roles":["admin","super_admin"]}
[2026-04-21 00:37:38] [AuthMiddleware] 403 - č§’č‰˛ä¸ŤĺŚąé…Ť | {"path":"\/api\/core\/server\/redis\/browser\/delete","user_role":"user","required_roles":["admin","super_admin"]}
[2026-04-21 07:35:16] [AuthMiddleware] 401 - ć— access_token | {"path":"\/api\/system\/dept\/list","method":"GET","auth_header":null,"cookie_access_token":"missing"}
[2026-04-21 07:35:59] [AuthMiddleware] 401 - ć— access_token | {"path":"\/api\/system\/dept\/list","method":"GET","auth_header":null,"cookie_access_token":"missing"}
[2026-04-21 07:41:47] [AuthMiddleware] 401 - ć— access_token | {"path":"\/api\/system\/dept\/list","method":"GET","auth_header":null,"cookie_access_token":"missing"}
[2026-04-21 07:51:18] [AuthMiddleware] 403 - č§’č‰˛ä¸ŤĺŚąé…Ť | {"path":"\/api\/system\/dept\/list","user_role":"super_admin","required_roles":["admin","super_admin"]}
[2026-04-21 07:52:58] [AuthMiddleware] 403 - č§’č‰˛ä¸ŤĺŚąé…Ť | {"path":"\/api\/system\/dept\/list","user_role":"super_admin","required_roles":["admin","super_admin"]}
[2026-04-21 07:53:17] [AuthMiddleware] 403 - č§’č‰˛ä¸ŤĺŚąé…Ť | {"path":"\/api\/system\/dept\/list","user_role":"super_admin","required_roles":["admin","super_admin"]}
[2026-04-21 07:54:33] [AuthMiddleware] 403 - č§’č‰˛ä¸ŤĺŚąé…Ť | {"path":"\/api\/system\/dept\/list","user_role":"super_admin","required_roles":["admin","super_admin"]}
[2026-04-21 07:55:01] [AuthMiddleware] 403 - č§’č‰˛ä¸ŤĺŚąé…Ť | {"path":"\/api\/system\/dept\/list","user_role":"super_admin","required_roles":["admin","super_admin"]}
[2026-04-21 07:55:19] [AuthMiddleware] 403 - č§’č‰˛ä¸ŤĺŚąé…Ť | {"path":"\/api\/system\/dept\/list","user_role":"super_admin","required_roles":["admin","super_admin"]}
[2026-04-21 07:55:46] [AuthMiddleware] 403 - č§’č‰˛ä¸ŤĺŚąé…Ť | {"path":"\/api\/system\/dept\/list","user_role":"super_admin","required_roles":["admin","super_admin"]}
[2026-04-21 07:57:55] [AuthMiddleware] 403 - č§’č‰˛ä¸ŤĺŚąé…Ť | {"path":"\/api\/system\/dept\/list","user_role":"super_admin","required_roles":["admin","super_admin"]}
[2026-04-21 08:00:12] [AuthMiddleware] 401 - parseForAccess ĺĽ‚ĺ¸¸ | {"path":"\/api\/system\/dept\/list","error":"Error: Cannot use object of type Framework\\Attributes\\Auth as array","token_prefix":"eyJ0eXAiOiJKV1QiLCJhbGciOiJIUz...","file":"C:\\Users\\Administrator\\Desktop\\project-root\\NovaPHP0.0.9\\project\\app\\Middlewares\\AuthMiddleware.php:72"}
[2026-04-21 08:00:41] [AuthMiddleware] 401 - parseForAccess ĺĽ‚ĺ¸¸ | {"path":"\/api\/system\/dept\/list","error":"Error: Cannot use object of type Framework\\Attributes\\Auth as array","token_prefix":"eyJ0eXAiOiJKV1QiLCJhbGciOiJIUz...","file":"C:\\Users\\Administrator\\Desktop\\project-root\\NovaPHP0.0.9\\project\\app\\Middlewares\\AuthMiddleware.php:72"}
[2026-04-21 08:01:02] [AuthMiddleware] 401 - parseForAccess ĺĽ‚ĺ¸¸ | {"path":"\/api\/system\/dept\/list","error":"Error: Cannot use object of type Framework\\Attributes\\Auth as array","token_prefix":"eyJ0eXAiOiJKV1QiLCJhbGciOiJIUz...","file":"C:\\Users\\Administrator\\Desktop\\project-root\\NovaPHP0.0.9\\project\\app\\Middlewares\\AuthMiddleware.php:72"}
[2026-04-21 08:01:02] [AuthMiddleware] 401 - parseForAccess ĺĽ‚ĺ¸¸ | {"path":"\/api\/system\/dept\/list","error":"Error: Cannot use object of type Framework\\Attributes\\Auth as array","token_prefix":"eyJ0eXAiOiJKV1QiLCJhbGciOiJIUz...","file":"C:\\Users\\Administrator\\Desktop\\project-root\\NovaPHP0.0.9\\project\\app\\Middlewares\\AuthMiddleware.php:72"}
[2026-04-21 08:01:10] [AuthMiddleware] 401 - parseForAccess ĺĽ‚ĺ¸¸ | {"path":"\/api\/core\/system\/statistics","error":"Error: Cannot use object of type Framework\\Attributes\\Auth as array","token_prefix":"eyJ0eXAiOiJKV1QiLCJhbGciOiJIUz...","file":"C:\\Users\\Administrator\\Desktop\\project-root\\NovaPHP0.0.9\\project\\app\\Middlewares\\AuthMiddleware.php:72"}
[2026-04-21 08:01:10] [AuthMiddleware] 401 - parseForAccess ĺĽ‚ĺ¸¸ | {"path":"\/api\/core\/system\/loginBarChart","error":"Error: Cannot use object of type Framework\\Attributes\\Auth as array","token_prefix":"eyJ0eXAiOiJKV1QiLCJhbGciOiJIUz...","file":"C:\\Users\\Administrator\\Desktop\\project-root\\NovaPHP0.0.9\\project\\app\\Middlewares\\AuthMiddleware.php:72"}
[2026-04-21 08:01:10] [AuthMiddleware] 401 - parseForAccess ĺĽ‚ĺ¸¸ | {"path":"\/api\/core\/system\/loginChart","error":"Error: Cannot use object of type Framework\\Attributes\\Auth as array","token_prefix":"eyJ0eXAiOiJKV1QiLCJhbGciOiJIUz...","file":"C:\\Users\\Administrator\\Desktop\\project-root\\NovaPHP0.0.9\\project\\app\\Middlewares\\AuthMiddleware.php:72"}
[2026-04-21 08:01:21] [AuthMiddleware] 401 - ć— access_token | {"path":"\/api\/system\/dept\/list","method":"GET","auth_header":null,"cookie_access_token":"missing"}
[2026-04-21 08:01:25] [AuthMiddleware] 401 - parseForAccess ĺĽ‚ĺ¸¸ | {"path":"\/api\/core\/system\/statistics","error":"Error: Cannot use object of type Framework\\Attributes\\Auth as array","token_prefix":"eyJ0eXAiOiJKV1QiLCJhbGciOiJIUz...","file":"C:\\Users\\Administrator\\Desktop\\project-root\\NovaPHP0.0.9\\project\\app\\Middlewares\\AuthMiddleware.php:72"}
[2026-04-21 08:01:25] [AuthMiddleware] 401 - parseForAccess ĺĽ‚ĺ¸¸ | {"path":"\/api\/core\/system\/loginBarChart","error":"Error: Cannot use object of type Framework\\Attributes\\Auth as array","token_prefix":"eyJ0eXAiOiJKV1QiLCJhbGciOiJIUz...","file":"C:\\Users\\Administrator\\Desktop\\project-root\\NovaPHP0.0.9\\project\\app\\Middlewares\\AuthMiddleware.php:72"}
[2026-04-21 08:01:25] [AuthMiddleware] 401 - parseForAccess ĺĽ‚ĺ¸¸ | {"path":"\/api\/core\/system\/loginChart","error":"Error: Cannot use object of type Framework\\Attributes\\Auth as array","token_prefix":"eyJ0eXAiOiJKV1QiLCJhbGciOiJIUz...","file":"C:\\Users\\Administrator\\Desktop\\project-root\\NovaPHP0.0.9\\project\\app\\Middlewares\\AuthMiddleware.php:72"}
[2026-04-21 08:01:29] [AuthMiddleware] 401 - ć— access_token | {"path":"\/api\/system\/dept\/list","method":"GET","auth_header":null,"cookie_access_token":"missing"}
[2026-04-21 08:01:57] [AuthMiddleware] 401 - ć— access_token | {"path":"\/api\/system\/dept\/list","method":"GET","auth_header":null,"cookie_access_token":"missing"}
[2026-04-21 08:02:01] [AuthMiddleware] 401 - parseForAccess ĺĽ‚ĺ¸¸ | {"path":"\/api\/core\/system\/statistics","error":"Error: Cannot use object of type Framework\\Attributes\\Auth as array","token_prefix":"eyJ0eXAiOiJKV1QiLCJhbGciOiJIUz...","file":"C:\\Users\\Administrator\\Desktop\\project-root\\NovaPHP0.0.9\\project\\app\\Middlewares\\AuthMiddleware.php:72"}
[2026-04-21 08:02:01] [AuthMiddleware] 401 - parseForAccess ĺĽ‚ĺ¸¸ | {"path":"\/api\/core\/system\/loginBarChart","error":"Error: Cannot use object of type Framework\\Attributes\\Auth as array","token_prefix":"eyJ0eXAiOiJKV1QiLCJhbGciOiJIUz...","file":"C:\\Users\\Administrator\\Desktop\\project-root\\NovaPHP0.0.9\\project\\app\\Middlewares\\AuthMiddleware.php:72"}
[2026-04-21 08:02:01] [AuthMiddleware] 401 - parseForAccess ĺĽ‚ĺ¸¸ | {"path":"\/api\/core\/system\/loginChart","error":"Error: Cannot use object of type Framework\\Attributes\\Auth as array","token_prefix":"eyJ0eXAiOiJKV1QiLCJhbGciOiJIUz...","file":"C:\\Users\\Administrator\\Desktop\\project-root\\NovaPHP0.0.9\\project\\app\\Middlewares\\AuthMiddleware.php:72"}
[2026-04-21 08:02:29] [AuthMiddleware] 401 - ć— access_token | {"path":"\/api\/system\/dept\/list","method":"GET","auth_header":null,"cookie_access_token":"missing"}
[2026-04-21 08:02:29] [AuthMiddleware] 401 - ć— access_token | {"path":"\/api\/system\/dept\/list","method":"GET","auth_header":null,"cookie_access_token":"missing"}
[2026-04-21 08:02:49] [AuthMiddleware] 401 - parseForAccess ĺĽ‚ĺ¸¸ | {"path":"\/api\/system\/dept\/list","error":"Error: Cannot use object of type Framework\\Attributes\\Auth as array","token_prefix":"eyJ0eXAiOiJKV1QiLCJhbGciOiJIUz...","file":"C:\\Users\\Administrator\\Desktop\\project-root\\NovaPHP0.0.9\\project\\app\\Middlewares\\AuthMiddleware.php:72"}
[2026-04-21 08:03:09] [AuthMiddleware] 401 - parseForAccess ĺĽ‚ĺ¸¸ | {"path":"\/api\/system\/dept\/list","error":"Error: Cannot use object of type Framework\\Attributes\\Auth as array","token_prefix":"eyJ0eXAiOiJKV1QiLCJhbGciOiJIUz...","file":"C:\\Users\\Administrator\\Desktop\\project-root\\NovaPHP0.0.9\\project\\app\\Middlewares\\AuthMiddleware.php:72"}
[2026-04-21 08:03:11] [AuthMiddleware] 401 - parseForAccess ĺĽ‚ĺ¸¸ | {"path":"\/api\/core\/system\/statistics","error":"Error: Cannot use object of type Framework\\Attributes\\Auth as array","token_prefix":"eyJ0eXAiOiJKV1QiLCJhbGciOiJIUz...","file":"C:\\Users\\Administrator\\Desktop\\project-root\\NovaPHP0.0.9\\project\\app\\Middlewares\\AuthMiddleware.php:72"}
[2026-04-21 08:03:11] [AuthMiddleware] 401 - parseForAccess ĺĽ‚ĺ¸¸ | {"path":"\/api\/core\/system\/loginBarChart","error":"Error: Cannot use object of type Framework\\Attributes\\Auth as array","token_prefix":"eyJ0eXAiOiJKV1QiLCJhbGciOiJIUz...","file":"C:\\Users\\Administrator\\Desktop\\project-root\\NovaPHP0.0.9\\project\\app\\Middlewares\\AuthMiddleware.php:72"}
[2026-04-21 08:03:11] [AuthMiddleware] 401 - parseForAccess ĺĽ‚ĺ¸¸ | {"path":"\/api\/core\/system\/loginChart","error":"Error: Cannot use object of type Framework\\Attributes\\Auth as array","token_prefix":"eyJ0eXAiOiJKV1QiLCJhbGciOiJIUz...","file":"C:\\Users\\Administrator\\Desktop\\project-root\\NovaPHP0.0.9\\project\\app\\Middlewares\\AuthMiddleware.php:72"}
[2026-04-21 08:03:15] [AuthMiddleware] 401 - parseForAccess ĺĽ‚ĺ¸¸ | {"path":"\/api\/core\/system\/statistics","error":"Error: Cannot use object of type Framework\\Attributes\\Auth as array","token_prefix":"eyJ0eXAiOiJKV1QiLCJhbGciOiJIUz...","file":"C:\\Users\\Administrator\\Desktop\\project-root\\NovaPHP0.0.9\\project\\app\\Middlewares\\AuthMiddleware.php:72"}
[2026-04-21 08:03:15] [AuthMiddleware] 401 - parseForAccess ĺĽ‚ĺ¸¸ | {"path":"\/api\/core\/system\/loginBarChart","error":"Error: Cannot use object of type Framework\\Attributes\\Auth as array","token_prefix":"eyJ0eXAiOiJKV1QiLCJhbGciOiJIUz...","file":"C:\\Users\\Administrator\\Desktop\\project-root\\NovaPHP0.0.9\\project\\app\\Middlewares\\AuthMiddleware.php:72"}
[2026-04-21 08:03:15] [AuthMiddleware] 401 - parseForAccess ĺĽ‚ĺ¸¸ | {"path":"\/api\/core\/system\/loginChart","error":"Error: Cannot use object of type Framework\\Attributes\\Auth as array","token_prefix":"eyJ0eXAiOiJKV1QiLCJhbGciOiJIUz...","file":"C:\\Users\\Administrator\\Desktop\\project-root\\NovaPHP0.0.9\\project\\app\\Middlewares\\AuthMiddleware.php:72"}
[2026-04-21 08:03:35] [AuthMiddleware] 401 - ć— access_token | {"path":"\/api\/system\/dept\/list","method":"GET","auth_header":null,"cookie_access_token":"missing"}
[2026-04-21 08:05:21] [AuthMiddleware] 403 - č§’č‰˛ä¸ŤĺŚąé…Ť | {"path":"\/api\/system\/dept\/list","user_role":"super_admin","required_roles":["admins","super_admins"]}
[2026-04-22 21:27:27] [AuthMiddleware] 403 - č§’č‰˛ä¸ŤĺŚąé…Ť | {"path":"\/api\/system\/dept\/list","user_role":"user","required_roles":["admin","super_admin"]}
[2026-04-22 21:27:31] [AuthMiddleware] 403 - č§’č‰˛ä¸ŤĺŚąé…Ť | {"path":"\/api\/system\/dept\/list","user_role":"user","required_roles":["admin","super_admin"]}
[2026-04-22 22:10:12] [AuthMiddleware] 403 - č§’č‰˛ä¸ŤĺŚąé…Ť | {"path":"\/api\/system\/tenant\/users\/2","user_role":"user","required_roles":["admin","super_admin"]}
[2026-04-22 22:10:14] [AuthMiddleware] 403 - č§’č‰˛ä¸ŤĺŚąé…Ť | {"path":"\/api\/system\/tenant\/available-users\/2","user_role":"user","required_roles":["admin","super_admin"]}
[2026-04-22 22:12:40] [AuthMiddleware] 403 - č§’č‰˛ä¸ŤĺŚąé…Ť | {"path":"\/api\/system\/tenant\/users\/2","user_role":"user","required_roles":["admin","super_admin"]}
[2026-04-22 22:32:24] [AuthMiddleware] 403 - č§’č‰˛ä¸ŤĺŚąé…Ť | {"path":"\/api\/system\/tenant\/update\/2","user_role":"user","required_roles":["admin","super_admin"]}
[2026-04-22 22:34:44] [AuthMiddleware] 403 - č§’č‰˛ä¸ŤĺŚąé…Ť | {"path":"\/api\/system\/tenant\/remove-user\/1\/104","user_role":"user","required_roles":["admin","super_admin"]}
[2026-04-22 22:34:49] [AuthMiddleware] 403 - č§’č‰˛ä¸ŤĺŚąé…Ť | {"path":"\/api\/system\/tenant\/set-admin\/1\/100","user_role":"user","required_roles":["admin","super_admin"]}
[2026-04-22 22:34:51] [AuthMiddleware] 403 - č§’č‰˛ä¸ŤĺŚąé…Ť | {"path":"\/api\/system\/tenant\/set-default\/1\/100","user_role":"user","required_roles":["admin","super_admin"]}
[2026-04-23 20:25:31] [AuthMiddleware] 403 - č§’č‰˛ä¸ŤĺŚąé…Ť | {"path":"\/api\/system\/tenant\/remove-user\/2\/100","user_role":"user","required_roles":["admin","super_admin"]}
[2026-04-23 20:25:33] [AuthMiddleware] 403 - č§’č‰˛ä¸ŤĺŚąé…Ť | {"path":"\/api\/system\/tenant\/set-admin\/2\/100","user_role":"user","required_roles":["admin","super_admin"]}
[2026-04-23 20:25:35] [AuthMiddleware] 403 - č§’č‰˛ä¸ŤĺŚąé…Ť | {"path":"\/api\/system\/tenant\/set-default\/2\/100","user_role":"user","required_roles":["admin","super_admin"]}
[2026-04-24 22:03:20] [AuthMiddleware] 401 - parseForAccess ĺĽ‚ĺ¸¸ | {"path":"\/api\/core\/system\/statistics","error":"Illuminate\\Database\\Eloquent\\RelationNotFoundException: Call to undefined relationship [dept] on model [App\\Models\\SysUser].","token_prefix":"eyJ0eXAiOiJKV1QiLCJhbGciOiJIUz...","file":"C:\\Users\\Administrator\\Desktop\\project-root\\NovaPHP0.0.9\\project\\vendor\\illuminate\\database\\Eloquent\\RelationNotFoundException.php:35"}
[2026-04-24 22:03:20] [AuthMiddleware] 401 - parseForAccess ĺĽ‚ĺ¸¸ | {"path":"\/api\/core\/system\/loginBarChart","error":"Illuminate\\Database\\Eloquent\\RelationNotFoundException: Call to undefined relationship [dept] on model [App\\Models\\SysUser].","token_prefix":"eyJ0eXAiOiJKV1QiLCJhbGciOiJIUz...","file":"C:\\Users\\Administrator\\Desktop\\project-root\\NovaPHP0.0.9\\project\\vendor\\illuminate\\database\\Eloquent\\RelationNotFoundException.php:35"}
[2026-04-24 22:03:20] [AuthMiddleware] 401 - parseForAccess ĺĽ‚ĺ¸¸ | {"path":"\/api\/core\/system\/loginChart","error":"Illuminate\\Database\\Eloquent\\RelationNotFoundException: Call to undefined relationship [dept] on model [App\\Models\\SysUser].","token_prefix":"eyJ0eXAiOiJKV1QiLCJhbGciOiJIUz...","file":"C:\\Users\\Administrator\\Desktop\\project-root\\NovaPHP0.0.9\\project\\vendor\\illuminate\\database\\Eloquent\\RelationNotFoundException.php:35"}
[2026-04-24 22:03:31] [AuthMiddleware] 401 - parseForAccess ĺĽ‚ĺ¸¸ | {"path":"\/api\/core\/system\/statistics","error":"Illuminate\\Database\\Eloquent\\RelationNotFoundException: Call to undefined relationship [dept] on model [App\\Models\\SysUser].","token_prefix":"eyJ0eXAiOiJKV1QiLCJhbGciOiJIUz...","file":"C:\\Users\\Administrator\\Desktop\\project-root\\NovaPHP0.0.9\\project\\vendor\\illuminate\\database\\Eloquent\\RelationNotFoundException.php:35"}
[2026-04-24 22:03:31] [AuthMiddleware] 401 - parseForAccess ĺĽ‚ĺ¸¸ | {"path":"\/api\/core\/system\/loginBarChart","error":"Illuminate\\Database\\Eloquent\\RelationNotFoundException: Call to undefined relationship [dept] on model [App\\Models\\SysUser].","token_prefix":"eyJ0eXAiOiJKV1QiLCJhbGciOiJIUz...","file":"C:\\Users\\Administrator\\Desktop\\project-root\\NovaPHP0.0.9\\project\\vendor\\illuminate\\database\\Eloquent\\RelationNotFoundException.php:35"}
[2026-04-24 22:03:31] [AuthMiddleware] 401 - parseForAccess ĺĽ‚ĺ¸¸ | {"path":"\/api\/core\/system\/loginChart","error":"Illuminate\\Database\\Eloquent\\RelationNotFoundException: Call to undefined relationship [dept] on model [App\\Models\\SysUser].","token_prefix":"eyJ0eXAiOiJKV1QiLCJhbGciOiJIUz...","file":"C:\\Users\\Administrator\\Desktop\\project-root\\NovaPHP0.0.9\\project\\vendor\\illuminate\\database\\Eloquent\\RelationNotFoundException.php:35"}
[2026-04-24 22:03:50] [AuthMiddleware] 401 - parseForAccess ĺĽ‚ĺ¸¸ | {"path":"\/api\/core\/system\/statistics","error":"Illuminate\\Database\\Eloquent\\RelationNotFoundException: Call to undefined relationship [dept] on model [App\\Models\\SysUser].","token_prefix":"eyJ0eXAiOiJKV1QiLCJhbGciOiJIUz...","file":"C:\\Users\\Administrator\\Desktop\\project-root\\NovaPHP0.0.9\\project\\vendor\\illuminate\\database\\Eloquent\\RelationNotFoundException.php:35"}
[2026-04-24 22:03:50] [AuthMiddleware] 401 - parseForAccess ĺĽ‚ĺ¸¸ | {"path":"\/api\/core\/system\/loginBarChart","error":"Illuminate\\Database\\Eloquent\\RelationNotFoundException: Call to undefined relationship [dept] on model [App\\Models\\SysUser].","token_prefix":"eyJ0eXAiOiJKV1QiLCJhbGciOiJIUz...","file":"C:\\Users\\Administrator\\Desktop\\project-root\\NovaPHP0.0.9\\project\\vendor\\illuminate\\database\\Eloquent\\RelationNotFoundException.php:35"}
[2026-04-24 22:03:50] [AuthMiddleware] 401 - parseForAccess ĺĽ‚ĺ¸¸ | {"path":"\/api\/core\/system\/loginChart","error":"Illuminate\\Database\\Eloquent\\RelationNotFoundException: Call to undefined relationship [dept] on model [App\\Models\\SysUser].","token_prefix":"eyJ0eXAiOiJKV1QiLCJhbGciOiJIUz...","file":"C:\\Users\\Administrator\\Desktop\\project-root\\NovaPHP0.0.9\\project\\vendor\\illuminate\\database\\Eloquent\\RelationNotFoundException.php:35"}
[2026-04-24 22:03:55] [AuthMiddleware] 401 - parseForAccess ĺĽ‚ĺ¸¸ | {"path":"\/api\/core\/system\/statistics","error":"Illuminate\\Database\\Eloquent\\RelationNotFoundException: Call to undefined relationship [dept] on model [App\\Models\\SysUser].","token_prefix":"eyJ0eXAiOiJKV1QiLCJhbGciOiJIUz...","file":"C:\\Users\\Administrator\\Desktop\\project-root\\NovaPHP0.0.9\\project\\vendor\\illuminate\\database\\Eloquent\\RelationNotFoundException.php:35"}
[2026-04-24 22:03:55] [AuthMiddleware] 401 - parseForAccess ĺĽ‚ĺ¸¸ | {"path":"\/api\/core\/system\/loginBarChart","error":"Illuminate\\Database\\Eloquent\\RelationNotFoundException: Call to undefined relationship [dept] on model [App\\Models\\SysUser].","token_prefix":"eyJ0eXAiOiJKV1QiLCJhbGciOiJIUz...","file":"C:\\Users\\Administrator\\Desktop\\project-root\\NovaPHP0.0.9\\project\\vendor\\illuminate\\database\\Eloquent\\RelationNotFoundException.php:35"}
[2026-04-24 22:03:55] [AuthMiddleware] 401 - parseForAccess ĺĽ‚ĺ¸¸ | {"path":"\/api\/core\/system\/loginChart","error":"Illuminate\\Database\\Eloquent\\RelationNotFoundException: Call to undefined relationship [dept] on model [App\\Models\\SysUser].","token_prefix":"eyJ0eXAiOiJKV1QiLCJhbGciOiJIUz...","file":"C:\\Users\\Administrator\\Desktop\\project-root\\NovaPHP0.0.9\\project\\vendor\\illuminate\\database\\Eloquent\\RelationNotFoundException.php:35"}
[2026-04-24 22:06:05] [AuthMiddleware] 401 - parseForAccess ĺĽ‚ĺ¸¸ | {"path":"\/api\/core\/system\/statistics","error":"Illuminate\\Database\\Eloquent\\RelationNotFoundException: Call to undefined relationship [dept] on model [App\\Models\\SysUser].","token_prefix":"eyJ0eXAiOiJKV1QiLCJhbGciOiJIUz...","file":"C:\\Users\\Administrator\\Desktop\\project-root\\NovaPHP0.0.9\\project\\vendor\\illuminate\\database\\Eloquent\\RelationNotFoundException.php:35"}
[2026-04-24 22:06:05] [AuthMiddleware] 401 - parseForAccess ĺĽ‚ĺ¸¸ | {"path":"\/api\/core\/system\/loginBarChart","error":"Illuminate\\Database\\Eloquent\\RelationNotFoundException: Call to undefined relationship [dept] on model [App\\Models\\SysUser].","token_prefix":"eyJ0eXAiOiJKV1QiLCJhbGciOiJIUz...","file":"C:\\Users\\Administrator\\Desktop\\project-root\\NovaPHP0.0.9\\project\\vendor\\illuminate\\database\\Eloquent\\RelationNotFoundException.php:35"}
[2026-04-24 22:06:05] [AuthMiddleware] 401 - parseForAccess ĺĽ‚ĺ¸¸ | {"path":"\/api\/core\/system\/loginChart","error":"Illuminate\\Database\\Eloquent\\RelationNotFoundException: Call to undefined relationship [dept] on model [App\\Models\\SysUser].","token_prefix":"eyJ0eXAiOiJKV1QiLCJhbGciOiJIUz...","file":"C:\\Users\\Administrator\\Desktop\\project-root\\NovaPHP0.0.9\\project\\vendor\\illuminate\\database\\Eloquent\\RelationNotFoundException.php:35"}
[2026-04-24 22:16:46] [AuthMiddleware] 401 - parseForAccess ĺĽ‚ĺ¸¸ | {"path":"\/api\/system\/user\/list","error":"Illuminate\\Database\\Eloquent\\RelationNotFoundException: Call to undefined relationship [dept] on model [App\\Models\\SysUser].","token_prefix":"eyJ0eXAiOiJKV1QiLCJhbGciOiJIUz...","file":"C:\\Users\\Administrator\\Desktop\\project-root\\NovaPHP0.0.9\\project\\vendor\\illuminate\\database\\Eloquent\\RelationNotFoundException.php:35"}
[2026-04-24 22:16:55] [AuthMiddleware] 401 - ć— access_token | {"path":"\/api\/system\/user\/list","method":"GET","auth_header":null,"cookie_access_token":"missing"}
[2026-04-24 22:17:08] [AuthMiddleware] 401 - ć— access_token | {"path":"\/api\/system\/user\/list","method":"GET","auth_header":null,"cookie_access_token":"missing"}
[2026-04-24 22:17:09] [AuthMiddleware] 401 - ć— access_token | {"path":"\/api\/system\/user\/list","method":"GET","auth_header":null,"cookie_access_token":"missing"}
[2026-04-24 22:17:09] [AuthMiddleware] 401 - ć— access_token | {"path":"\/api\/system\/user\/list","method":"GET","auth_header":null,"cookie_access_token":"missing"}
[2026-04-24 22:24:51] [AuthMiddleware] 401 - parseForAccess ĺĽ‚ĺ¸¸ | {"path":"\/api\/core\/system\/statistics","error":"Illuminate\\Database\\Eloquent\\RelationNotFoundException: Call to undefined relationship [dept] on model [App\\Models\\SysUser].","token_prefix":"eyJ0eXAiOiJKV1QiLCJhbGciOiJIUz...","file":"C:\\Users\\Administrator\\Desktop\\project-root\\NovaPHP0.0.9\\project\\vendor\\illuminate\\database\\Eloquent\\RelationNotFoundException.php:35"}
[2026-04-24 22:24:51] [AuthMiddleware] 401 - parseForAccess ĺĽ‚ĺ¸¸ | {"path":"\/api\/core\/system\/loginBarChart","error":"Illuminate\\Database\\Eloquent\\RelationNotFoundException: Call to undefined relationship [dept] on model [App\\Models\\SysUser].","token_prefix":"eyJ0eXAiOiJKV1QiLCJhbGciOiJIUz...","file":"C:\\Users\\Administrator\\Desktop\\project-root\\NovaPHP0.0.9\\project\\vendor\\illuminate\\database\\Eloquent\\RelationNotFoundException.php:35"}
[2026-04-24 22:24:51] [AuthMiddleware] 401 - parseForAccess ĺĽ‚ĺ¸¸ | {"path":"\/api\/core\/system\/loginChart","error":"Illuminate\\Database\\Eloquent\\RelationNotFoundException: Call to undefined relationship [dept] on model [App\\Models\\SysUser].","token_prefix":"eyJ0eXAiOiJKV1QiLCJhbGciOiJIUz...","file":"C:\\Users\\Administrator\\Desktop\\project-root\\NovaPHP0.0.9\\project\\vendor\\illuminate\\database\\Eloquent\\RelationNotFoundException.php:35"}
[2026-04-24 22:24:58] [AuthMiddleware] 401 - parseForAccess ĺĽ‚ĺ¸¸ | {"path":"\/api\/core\/system\/statistics","error":"Illuminate\\Database\\Eloquent\\RelationNotFoundException: Call to undefined relationship [dept] on model [App\\Models\\SysUser].","token_prefix":"eyJ0eXAiOiJKV1QiLCJhbGciOiJIUz...","file":"C:\\Users\\Administrator\\Desktop\\project-root\\NovaPHP0.0.9\\project\\vendor\\illuminate\\database\\Eloquent\\RelationNotFoundException.php:35"}
[2026-04-24 22:24:58] [AuthMiddleware] 401 - parseForAccess ĺĽ‚ĺ¸¸ | {"path":"\/api\/core\/system\/loginBarChart","error":"Illuminate\\Database\\Eloquent\\RelationNotFoundException: Call to undefined relationship [dept] on model [App\\Models\\SysUser].","token_prefix":"eyJ0eXAiOiJKV1QiLCJhbGciOiJIUz...","file":"C:\\Users\\Administrator\\Desktop\\project-root\\NovaPHP0.0.9\\project\\vendor\\illuminate\\database\\Eloquent\\RelationNotFoundException.php:35"}
[2026-04-24 22:24:58] [AuthMiddleware] 401 - parseForAccess ĺĽ‚ĺ¸¸ | {"path":"\/api\/core\/system\/loginChart","error":"Illuminate\\Database\\Eloquent\\RelationNotFoundException: Call to undefined relationship [dept] on model [App\\Models\\SysUser].","token_prefix":"eyJ0eXAiOiJKV1QiLCJhbGciOiJIUz...","file":"C:\\Users\\Administrator\\Desktop\\project-root\\NovaPHP0.0.9\\project\\vendor\\illuminate\\database\\Eloquent\\RelationNotFoundException.php:35"}
[2026-04-24 22:25:18] [AuthMiddleware] 401 - parseForAccess ĺĽ‚ĺ¸¸ | {"path":"\/api\/core\/system\/statistics","error":"Illuminate\\Database\\Eloquent\\RelationNotFoundException: Call to undefined relationship [dept] on model [App\\Models\\SysUser].","token_prefix":"eyJ0eXAiOiJKV1QiLCJhbGciOiJIUz...","file":"C:\\Users\\Administrator\\Desktop\\project-root\\NovaPHP0.0.9\\project\\vendor\\illuminate\\database\\Eloquent\\RelationNotFoundException.php:35"}
[2026-04-24 22:25:18] [AuthMiddleware] 401 - parseForAccess ĺĽ‚ĺ¸¸ | {"path":"\/api\/core\/system\/loginBarChart","error":"Illuminate\\Database\\Eloquent\\RelationNotFoundException: Call to undefined relationship [dept] on model [App\\Models\\SysUser].","token_prefix":"eyJ0eXAiOiJKV1QiLCJhbGciOiJIUz...","file":"C:\\Users\\Administrator\\Desktop\\project-root\\NovaPHP0.0.9\\project\\vendor\\illuminate\\database\\Eloquent\\RelationNotFoundException.php:35"}
[2026-04-24 22:25:18] [AuthMiddleware] 401 - parseForAccess ĺĽ‚ĺ¸¸ | {"path":"\/api\/core\/system\/loginChart","error":"Illuminate\\Database\\Eloquent\\RelationNotFoundException: Call to undefined relationship [dept] on model [App\\Models\\SysUser].","token_prefix":"eyJ0eXAiOiJKV1QiLCJhbGciOiJIUz...","file":"C:\\Users\\Administrator\\Desktop\\project-root\\NovaPHP0.0.9\\project\\vendor\\illuminate\\database\\Eloquent\\RelationNotFoundException.php:35"}
[2026-04-24 22:25:38] [AuthMiddleware] 401 - parseForAccess ĺĽ‚ĺ¸¸ | {"path":"\/api\/core\/system\/statistics","error":"Illuminate\\Database\\Eloquent\\RelationNotFoundException: Call to undefined relationship [dept] on model [App\\Models\\SysUser].","token_prefix":"eyJ0eXAiOiJKV1QiLCJhbGciOiJIUz...","file":"C:\\Users\\Administrator\\Desktop\\project-root\\NovaPHP0.0.9\\project\\vendor\\illuminate\\database\\Eloquent\\RelationNotFoundException.php:35"}
[2026-04-24 22:25:38] [AuthMiddleware] 401 - parseForAccess ĺĽ‚ĺ¸¸ | {"path":"\/api\/core\/system\/loginBarChart","error":"Illuminate\\Database\\Eloquent\\RelationNotFoundException: Call to undefined relationship [dept] on model [App\\Models\\SysUser].","token_prefix":"eyJ0eXAiOiJKV1QiLCJhbGciOiJIUz...","file":"C:\\Users\\Administrator\\Desktop\\project-root\\NovaPHP0.0.9\\project\\vendor\\illuminate\\database\\Eloquent\\RelationNotFoundException.php:35"}
[2026-04-24 22:25:38] [AuthMiddleware] 401 - parseForAccess ĺĽ‚ĺ¸¸ | {"path":"\/api\/core\/system\/loginChart","error":"Illuminate\\Database\\Eloquent\\RelationNotFoundException: Call to undefined relationship [dept] on model [App\\Models\\SysUser].","token_prefix":"eyJ0eXAiOiJKV1QiLCJhbGciOiJIUz...","file":"C:\\Users\\Administrator\\Desktop\\project-root\\NovaPHP0.0.9\\project\\vendor\\illuminate\\database\\Eloquent\\RelationNotFoundException.php:35"}
[2026-04-24 22:27:49] [AuthMiddleware] 401 - parseForAccess ĺĽ‚ĺ¸¸ | {"path":"\/api\/core\/system\/statistics","error":"Illuminate\\Database\\Eloquent\\RelationNotFoundException: Call to undefined relationship [dept] on model [App\\Models\\SysUser].","token_prefix":"eyJ0eXAiOiJKV1QiLCJhbGciOiJIUz...","file":"C:\\Users\\Administrator\\Desktop\\project-root\\NovaPHP0.0.9\\project\\vendor\\illuminate\\database\\Eloquent\\RelationNotFoundException.php:35"}
[2026-04-24 22:27:49] [AuthMiddleware] 401 - parseForAccess ĺĽ‚ĺ¸¸ | {"path":"\/api\/core\/system\/loginBarChart","error":"Illuminate\\Database\\Eloquent\\RelationNotFoundException: Call to undefined relationship [dept] on model [App\\Models\\SysUser].","token_prefix":"eyJ0eXAiOiJKV1QiLCJhbGciOiJIUz...","file":"C:\\Users\\Administrator\\Desktop\\project-root\\NovaPHP0.0.9\\project\\vendor\\illuminate\\database\\Eloquent\\RelationNotFoundException.php:35"}
[2026-04-24 22:27:49] [AuthMiddleware] 401 - parseForAccess ĺĽ‚ĺ¸¸ | {"path":"\/api\/core\/system\/loginChart","error":"Illuminate\\Database\\Eloquent\\RelationNotFoundException: Call to undefined relationship [dept] on model [App\\Models\\SysUser].","token_prefix":"eyJ0eXAiOiJKV1QiLCJhbGciOiJIUz...","file":"C:\\Users\\Administrator\\Desktop\\project-root\\NovaPHP0.0.9\\project\\vendor\\illuminate\\database\\Eloquent\\RelationNotFoundException.php:35"}
[2026-04-24 22:28:55] [AuthMiddleware] 401 - parseForAccess ĺĽ‚ĺ¸¸ | {"path":"\/api\/core\/system\/statistics","error":"Illuminate\\Database\\Eloquent\\RelationNotFoundException: Call to undefined relationship [dept] on model [App\\Models\\SysUser].","token_prefix":"eyJ0eXAiOiJKV1QiLCJhbGciOiJIUz...","file":"C:\\Users\\Administrator\\Desktop\\project-root\\NovaPHP0.0.9\\project\\vendor\\illuminate\\database\\Eloquent\\RelationNotFoundException.php:35"}
[2026-04-24 22:28:55] [AuthMiddleware] 401 - parseForAccess ĺĽ‚ĺ¸¸ | {"path":"\/api\/core\/system\/loginBarChart","error":"Illuminate\\Database\\Eloquent\\RelationNotFoundException: Call to undefined relationship [dept] on model [App\\Models\\SysUser].","token_prefix":"eyJ0eXAiOiJKV1QiLCJhbGciOiJIUz...","file":"C:\\Users\\Administrator\\Desktop\\project-root\\NovaPHP0.0.9\\project\\vendor\\illuminate\\database\\Eloquent\\RelationNotFoundException.php:35"}
[2026-04-24 22:28:55] [AuthMiddleware] 401 - parseForAccess ĺĽ‚ĺ¸¸ | {"path":"\/api\/core\/system\/loginChart","error":"Illuminate\\Database\\Eloquent\\RelationNotFoundException: Call to undefined relationship [dept] on model [App\\Models\\SysUser].","token_prefix":"eyJ0eXAiOiJKV1QiLCJhbGciOiJIUz...","file":"C:\\Users\\Administrator\\Desktop\\project-root\\NovaPHP0.0.9\\project\\vendor\\illuminate\\database\\Eloquent\\RelationNotFoundException.php:35"}
[2026-04-24 22:37:31] [AuthMiddleware] 403 - č§’č‰˛ä¸ŤĺŚąé…Ť | {"path":"\/api\/system\/dept\/update\/1","user_role":"user","required_roles":["admin","super_admin"]}
[2026-04-24 23:04:04] [AuthMiddleware] 403 - č§’č‰˛ä¸ŤĺŚąé…Ť | {"path":"\/api\/system\/dept\/update\/129","user_role":"user","required_roles":["admin","super_admin"]}
[2026-04-24 23:04:06] [AuthMiddleware] 403 - č§’č‰˛ä¸ŤĺŚąé…Ť | {"path":"\/api\/system\/dept\/update\/129","user_role":"user","required_roles":["admin","super_admin"]}
[2026-04-24 23:05:15] [AuthMiddleware] 403 - č§’č‰˛ä¸ŤĺŚąé…Ť | {"path":"\/api\/core\/email\/destroy","user_role":"user","required_roles":["admin","super_admin"]}
[2026-04-24 23:05:21] [AuthMiddleware] 403 - č§’č‰˛ä¸ŤĺŚąé…Ť | {"path":"\/api\/core\/server\/redis\/browser\/delete","user_role":"user","required_roles":["admin","super_admin"]}
[2026-04-25 11:04:42] [AuthMiddleware] 403 - č§’č‰˛ä¸ŤĺŚąé…Ť | {"path":"\/api\/core\/email\/destroy","user_role":"user","required_roles":["admin","super_admin"]}
[2026-04-25 11:10:16] [AuthMiddleware] 403 - č§’č‰˛ä¸ŤĺŚąé…Ť | {"path":"\/api\/system\/dept\/update\/129","user_role":["super_admin","admin"],"required_roles":["admin","super_admin"]}
[2026-04-25 11:10:18] [AuthMiddleware] 403 - č§’č‰˛ä¸ŤĺŚąé…Ť | {"path":"\/api\/system\/dept\/update\/129","user_role":["super_admin","admin"],"required_roles":["admin","super_admin"]}
[2026-04-25 11:11:51] [AuthMiddleware] 403 - č§’č‰˛ä¸ŤĺŚąé…Ť | {"path":"\/api\/system\/dept\/update\/129","user_role":["super_admin","admin"],"required_roles":["admin","super_admin"]}
[2026-04-25 11:12:04] [AuthMiddleware] 403 - č§’č‰˛ä¸ŤĺŚąé…Ť | {"path":"\/api\/system\/dept\/update\/129","user_role":["super_admin","admin"],"required_roles":["admin","super_admin"]}
[2026-04-25 11:12:18] [AuthMiddleware] 403 - č§’č‰˛ä¸ŤĺŚąé…Ť | {"path":"\/api\/system\/dept\/update\/129","user_role":["super_admin","admin"],"required_roles":["admin","super_admin"]}
[2026-04-25 11:12:35] [AuthMiddleware] 403 - č§’č‰˛ä¸ŤĺŚąé…Ť | {"path":"\/api\/system\/dept\/update\/129","user_role":["super_admin","admin"],"required_roles":["admin","super_admin"]}
[2026-04-25 11:12:44] [AuthMiddleware] 403 - č§’č‰˛ä¸ŤĺŚąé…Ť | {"path":"\/api\/system\/dept\/update\/129","user_role":["super_admin","admin"],"required_roles":["admin","super_admin"]}
[2026-04-25 11:13:08] [AuthMiddleware] 403 - č§’č‰˛ä¸ŤĺŚąé…Ť | {"path":"\/api\/system\/dept\/update\/129","user_role":["super_admin","admin"],"required_roles":["admin","super_admin"]}
[2026-04-25 11:14:38] [AuthMiddleware] 403 - č§’č‰˛ä¸ŤĺŚąé…Ť | {"path":"\/api\/system\/dept\/update\/129","user_role":["super_admin","admin"],"required_roles":["admin","super_admin"]}
[2026-04-25 11:16:30] [AuthMiddleware] 403 - č§’č‰˛ä¸ŤĺŚąé…Ť | {"path":"\/api\/system\/dept\/update\/129","user_role":["super_admin","admin"],"required_roles":["admin","super_admin"]}
[2026-04-25 11:16:51] [AuthMiddleware] 403 - č§’č‰˛ä¸ŤĺŚąé…Ť | {"path":"\/api\/system\/dept\/update\/129","user_role":["super_admin","admin"],"required_roles":["admin","super_admin"]}
[2026-04-25 11:17:21] [AuthMiddleware] 403 - č§’č‰˛ä¸ŤĺŚąé…Ť | {"path":"\/api\/system\/dept\/update\/129","user_role":["super_admin","admin"],"required_roles":["admin","super_admin"]}
[2026-04-25 11:18:00] [AuthMiddleware] 403 - č§’č‰˛ä¸ŤĺŚąé…Ť | {"path":"\/api\/system\/dept\/update\/129","user_role":["super_admin","admin"],"required_roles":["admin","super_admin"]}
[2026-04-25 11:20:01] [AuthMiddleware] 403 - č§’č‰˛ä¸ŤĺŚąé…Ť | {"path":"\/api\/system\/dept\/update\/129","user_role":["super_admin","admin"],"required_roles":["admin","super_admin"]}
[2026-04-25 11:20:13] [AuthMiddleware] 403 - č§’č‰˛ä¸ŤĺŚąé…Ť | {"path":"\/api\/system\/dept\/update\/129","user_role":["super_admin","admin"],"required_roles":["admin","super_admin"]}
[2026-04-25 11:20:53] [AuthMiddleware] 403 - č§’č‰˛ä¸ŤĺŚąé…Ť | {"path":"\/api\/system\/dept\/update\/129","user_role":["super_admin","admin"],"required_roles":["admin","super_admin"]}
[2026-04-25 11:20:56] [AuthMiddleware] 403 - č§’č‰˛ä¸ŤĺŚąé…Ť | {"path":"\/api\/system\/dept\/update\/129","user_role":["super_admin","admin"],"required_roles":["admin","super_admin"]}
[2026-04-25 11:21:01] [AuthMiddleware] 403 - č§’č‰˛ä¸ŤĺŚąé…Ť | {"path":"\/api\/system\/dept\/update\/129","user_role":["super_admin","admin"],"required_roles":["admin","super_admin"]}
[2026-04-25 11:21:06] [AuthMiddleware] 403 - č§’č‰˛ä¸ŤĺŚąé…Ť | {"path":"\/api\/system\/dept\/update\/129","user_role":["super_admin","admin"],"required_roles":["admin","super_admin"]}
[2026-04-25 11:21:46] [AuthMiddleware] 403 - č§’č‰˛ä¸ŤĺŚąé…Ť | {"path":"\/api\/system\/dept\/update\/129","user_role":["super_admin","admin"],"required_roles":["admin","super_admin"]}
[2026-04-25 11:26:28] [AuthMiddleware] 403 - č§’č‰˛ä¸ŤĺŚąé…Ť | {"path":"\/api\/system\/dept\/update\/129","user_role":["super_admin","admin"],"required_roles":["admin","super_admin"]}
[2026-04-25 11:27:41] [AuthMiddleware] 403 - č§’č‰˛ä¸ŤĺŚąé…Ť | {"path":"\/api\/system\/dept\/update\/129","user_role":["super_admin","admin"],"required_roles":["admin","super_admin"]}
[2026-04-25 11:28:50] [AuthMiddleware] 403 - č§’č‰˛ä¸ŤĺŚąé…Ť | {"path":"\/api\/system\/dept\/update\/129","user_role":["super_admin","admin"],"required_roles":["admin","super_admin"]}
[2026-04-25 11:28:50] [AuthMiddleware] 403 - č§’č‰˛ä¸ŤĺŚąé…Ť | {"path":"\/api\/system\/dept\/update\/129","user_role":["super_admin","admin"],"required_roles":["admin","super_admin"]}
[2026-04-25 11:28:55] [AuthMiddleware] 403 - č§’č‰˛ä¸ŤĺŚąé…Ť | {"path":"\/api\/system\/dept\/update\/129","user_role":["super_admin","admin"],"required_roles":["admin","super_admin"]}
[2026-04-25 11:29:30] [AuthMiddleware] 403 - č§’č‰˛ä¸ŤĺŚąé…Ť | {"path":"\/api\/system\/dept\/update\/129","user_role":["super_admin","admin"],"required_roles":["admin","super_admin"]}
[2026-04-25 11:29:53] [AuthMiddleware] 403 - č§’č‰˛ä¸ŤĺŚąé…Ť | {"path":"\/api\/system\/dept\/update\/129","user_role":["super_admin","admin"],"required_roles":["admin","super_admin"]}
[2026-04-25 11:30:21] [AuthMiddleware] 403 - č§’č‰˛ä¸ŤĺŚąé…Ť | {"path":"\/api\/system\/dept\/update\/129","user_role":["super_admin","admin"],"required_roles":["admin","super_admin"]}
[2026-04-25 11:30:42] [AuthMiddleware] 403 - č§’č‰˛ä¸ŤĺŚąé…Ť | {"path":"\/api\/system\/dept\/update\/129","user_role":["super_admin","admin"],"required_roles":["admin","super_admin"]}
[2026-04-25 11:35:58] [AuthMiddleware] 403 - č§’č‰˛ä¸ŤĺŚąé…Ť | {"path":"\/api\/system\/dept\/update\/129","user_role":["super_admin","admin"],"required_roles":["admin","super_admin"]}
[2026-04-25 11:36:16] [AuthMiddleware] 403 - č§’č‰˛ä¸ŤĺŚąé…Ť | {"path":"\/api\/system\/dept\/update\/129","user_role":["super_admin","admin"],"required_roles":["admin","super_admin"]}
[2026-04-25 11:36:28] [AuthMiddleware] 403 - č§’č‰˛ä¸ŤĺŚąé…Ť | {"path":"\/api\/system\/dept\/update\/129","user_role":["super_admin","admin"],"required_roles":["admin","super_admin"]}
[2026-04-25 11:41:34] [AuthMiddleware] 403 - č§’č‰˛ä¸ŤĺŚąé…Ť | {"path":"\/api\/system\/dept\/update\/129","user_role":["super_admin","admin"],"required_roles":["admin","super_admin"]}
[2026-04-25 11:46:55] [AuthMiddleware] 403 - č§’č‰˛ä¸ŤĺŚąé…Ť | {"path":"\/api\/core\/logs\/deleteLoginLog","user_role":"user","user_roles":["user"],"required_roles":["admin","super_admin"]}
[2026-04-25 16:57:16] [AuthMiddleware] 403 - č§’č‰˛ä¸ŤĺŚąé…Ť | {"path":"\/api\/system\/dept\/update\/12","user_role":"ceo","user_roles":["ceo"],"required_roles":["admin","super_admin"]}
[2026-04-25 16:57:18] [AuthMiddleware] 403 - č§’č‰˛ä¸ŤĺŚąé…Ť | {"path":"\/api\/system\/dept\/update\/12","user_role":"ceo","user_roles":["ceo"],"required_roles":["admin","super_admin"]}
[2026-04-25 17:13:37] [AuthMiddleware] 403 - č§’č‰˛ä¸ŤĺŚąé…Ť | {"path":"\/api\/system\/role\/update\/204","user_role":"JTCEO","user_roles":["JTCEO"],"required_roles":["admin","super_admin"]}
